Active-HDL 8.3.2120.sp1.14.3884  2022-06-28 21:34:33

Elaboration top modules:
VHDL Configuration            testbench_for_processor


--------------------------------------------------------------------------------------------------------
Entity       | Architecture    | Library | Info | Compiler Version                | Compilation Options
--------------------------------------------------------------------------------------------------------
processor_tb | tb_architecture | hw4     |      | 8.3.2120.sp1.14.3884  (Windows) | -O3 -2002
Processor    | processor       | hw4     |      | 8.3.2120.sp1.14.3884  (Windows) | -O3 -2002
main_reg     | main_reg        | hw4     |      | 8.3.2120.sp1.14.3884  (Windows) | -O3 -2002
PC_Reg       | pc_reg          | hw4     |      | 8.3.2120.sp1.14.3884  (Windows) | -O3 -2002
IR_Reg       | ir_reg          | hw4     |      | 8.3.2120.sp1.14.3884  (Windows) | -O3 -2002
ROM_Memory   | rom_memory      | hw4     |      | 8.3.2120.sp1.14.3884  (Windows) | -O3 -2002
MUX21        | mux21           | hw4     |      | 8.3.2120.sp1.14.3884  (Windows) | -O3 -2002
MUX42        | mux42           | hw4     |      | 8.3.2120.sp1.14.3884  (Windows) | -O3 -2002
ALU          | alu             | hw4     |      | 8.3.2120.sp1.14.3884  (Windows) | -O3 -2002
Control_Unit | control_unit    | hw4     |      | 8.3.2120.sp1.14.3884  (Windows) | -O3 -2002
--------------------------------------------------------------------------------------------------------

--------------------------------------------------------------------------------------------------------
VHDL Configuration             | Library | Info | Compiler Version                | Compilation Options
--------------------------------------------------------------------------------------------------------
testbench_for_processor        | hw4     |      | 8.3.2120.sp1.14.3884  (Windows) | -O3 -2002
--------------------------------------------------------------------------------------------------------

--------------------------------------------------------------------------------------------------------
VHDL Package                   | Library | Info | Compiler Version                | Compilation Options
--------------------------------------------------------------------------------------------------------
standard                       | std     |      |                                 | <unavailable>
TEXTIO                         | std     |      | 8.3.2120.sp1.14.3884  (Windows) | -2008
std_logic_1164                 | ieee    |      | 8.3.2120.sp1.14.3884  (Windows) | -2008
NUMERIC_STD                    | ieee    |      | 8.3.2120.sp1.14.3884  (Windows) | -2008
std_logic_arith                | ieee    |      | 8.3.2120.sp1.14.3884  (Windows) | -2002
STD_LOGIC_UNSIGNED             | ieee    |      | 8.3.2120.sp1.14.3884  (Windows) | -2002
--------------------------------------------------------------------------------------------------------

--------------------------------------------------------------------------------------------------------
Library                        | Comment
--------------------------------------------------------------------------------------------------------
hw4                            | None
ieee                           | Standard IEEE packages library
std                            | Standard VHDL library
--------------------------------------------------------------------------------------------------------
